<?xml version="1.0" encoding="UTF-8"?>
<!-- Generated by org.testng.reporters.JUnitXMLReporter -->
<testsuite ignored="0" hostname="LAPTOP-NC19AUDK" failures="0" tests="5" name="Test" time="0.081" errors="0" timestamp="2020-05-10T14:46:44 BST">
  <testcase classname="MavenAcademy.MavenAcademyProject.HomePage" name="@BeforeTest beforetest" time="0.007">
    <failure type="java.lang.NullPointerException">
      <![CDATA[java.lang.NullPointerException
at resources.BaseClass.initializeDriver(BaseClass.java:40)
at MavenAcademy.MavenAcademyProject.HomePage.beforetest(HomePage.java:25)
... Removed 24 stack frames]]>
    </failure>
  </testcase> <!-- @BeforeTest beforetest -->
  <testcase classname="MavenAcademy.MavenAcademyProject.ValidateBar" name="@BeforeTest initialize" time="-1.5891184044E9">
    <skipped/>
  </testcase> <!-- @BeforeTest initialize -->
  <testcase classname="MavenAcademy.MavenAcademyProject.ValidateTitle" name="@BeforeTest initializeTitle" time="-1.589118404402E9">
    <skipped/>
  </testcase> <!-- @BeforeTest initializeTitle -->
  <testcase classname="MavenAcademy.MavenAcademyProject.HomePage" name="@AfterTest aftertest" time="-1.589118404452E9">
    <skipped/>
  </testcase> <!-- @AfterTest aftertest -->
  <testcase classname="MavenAcademy.MavenAcademyProject.ValidateBar" name="@AfterTest teardown" time="-1.589118404457E9">
    <skipped/>
  </testcase> <!-- @AfterTest teardown -->
  <testcase classname="MavenAcademy.MavenAcademyProject.ValidateTitle" name="@AfterTest aftetest" time="-1.589118404459E9">
    <skipped/>
  </testcase> <!-- @AfterTest aftetest -->
  <testcase classname="MavenAcademy.MavenAcademyProject.ValidateTitle" name="basePageNavigation" time="0.0">
    <skipped/>
  </testcase> <!-- basePageNavigation -->
  <testcase classname="MavenAcademy.MavenAcademyProject.AppTest" name="shouldAnswerWithTrue" time="0.0">
    <skipped/>
  </testcase> <!-- shouldAnswerWithTrue -->
  <testcase classname="MavenAcademy.MavenAcademyProject.HomePage" name="basePageNavigation" time="0.0">
    <skipped/>
  </testcase> <!-- basePageNavigation -->
  <testcase classname="MavenAcademy.MavenAcademyProject.HomePage" name="basePageNavigation" time="0.0">
    <skipped/>
  </testcase> <!-- basePageNavigation -->
  <testcase classname="MavenAcademy.MavenAcademyProject.ValidateBar" name="basePageNavigation" time="0.0">
    <skipped/>
  </testcase> <!-- basePageNavigation -->
</testsuite> <!-- Test -->
