<?xml version="1.0" encoding="UTF-8"?>
<!-- Generated by org.testng.reporters.JUnitXMLReporter -->
<testsuite ignored="0" hostname="LAPTOP-NC19AUDK" failures="0" tests="4" name="Validating  Bar menu" time="0.119" errors="0" timestamp="2020-05-10T14:26:55 BST">
  <testcase classname="MavenAcademy.MavenAcademyProject.ValidateBar" name="@BeforeTest initialize" time="0.012">
    <failure type="java.lang.NullPointerException">
      <![CDATA[java.lang.NullPointerException
at resources.BaseClass.initializeDriver(BaseClass.java:40)
at MavenAcademy.MavenAcademyProject.ValidateBar.initialize(ValidateBar.java:26)
at java.base/java.util.concurrent.FutureTask.run(FutureTask.java:264)
at java.base/java.util.concurrent.ThreadPoolExecutor.runWorker(ThreadPoolExecutor.java:1130)
at java.base/java.util.concurrent.ThreadPoolExecutor$Worker.run(ThreadPoolExecutor.java:630)
at java.base/java.lang.Thread.run(Thread.java:832)
... Removed 15 stack frames]]>
    </failure>
  </testcase> <!-- @BeforeTest initialize -->
  <testcase classname="MavenAcademy.MavenAcademyProject.ValidateBar" name="@AfterTest teardown" time="-1.589117215124E9">
    <skipped/>
  </testcase> <!-- @AfterTest teardown -->
  <testcase classname="MavenAcademy.MavenAcademyProject.ValidateBar" name="basePageNavigation" time="0.0">
    <skipped/>
  </testcase> <!-- basePageNavigation -->
  <testcase classname="MavenAcademy.MavenAcademyProject.ValidateTitle" name="basePageNavigation" time="0.0">
    <skipped/>
  </testcase> <!-- basePageNavigation -->
  <testcase classname="MavenAcademy.MavenAcademyProject.HomePage" name="basePageNavigation" time="0.0">
    <skipped/>
  </testcase> <!-- basePageNavigation -->
  <testcase classname="MavenAcademy.MavenAcademyProject.HomePage" name="basePageNavigation" time="0.0">
    <skipped/>
  </testcase> <!-- basePageNavigation -->
</testsuite> <!-- Validating  Bar menu -->
