<?xml version="1.0" encoding="UTF-8"?>
<!-- Generated by org.testng.reporters.JUnitXMLReporter -->
<testsuite ignored="0" hostname="LAPTOP-NC19AUDK" failures="1" tests="2" name="Validating  Bar menu" time="26.761" errors="0" timestamp="2020-05-10T14:30:17 BST">
  <testcase classname="MavenAcademy.MavenAcademyProject.ValidateTitle" name="basePageNavigation" time="0.204">
    <failure type="org.junit.ComparisonFailure" message="expected:&amp;lt;FEATURED COURSES[]&amp;gt; but was:&amp;lt;FEATURED COURSES[ adventador]&amp;gt;">
      <![CDATA[org.junit.ComparisonFailure: expected:<FEATURED COURSES[]> but was:<FEATURED COURSES[ adventador]>
at org.junit.Assert.assertEquals(Assert.java:115)
at org.junit.Assert.assertEquals(Assert.java:144)
at MavenAcademy.MavenAcademyProject.ValidateTitle.basePageNavigation(ValidateTitle.java:37)
at java.base/java.util.ArrayList.forEach(ArrayList.java:1510)
at java.base/java.util.concurrent.FutureTask.run(FutureTask.java:264)
at java.base/java.util.concurrent.ThreadPoolExecutor.runWorker(ThreadPoolExecutor.java:1130)
at java.base/java.util.concurrent.ThreadPoolExecutor$Worker.run(ThreadPoolExecutor.java:630)
at java.base/java.lang.Thread.run(Thread.java:832)
... Removed 18 stack frames]]>
    </failure>
  </testcase> <!-- basePageNavigation -->
  <testcase classname="MavenAcademy.MavenAcademyProject.ValidateBar" name="basePageNavigation" time="0.13"/>
</testsuite> <!-- Validating  Bar menu -->
