<?xml version="1.0" encoding="UTF-8"?>
<testsuite xmlns:xsi="http://www.w3.org/2001/XMLSchema-instance" xsi:noNamespaceSchemaLocation="https://maven.apache.org/surefire/maven-surefire-plugin/xsd/surefire-test-report-3.0.xsd" version="3.0" name="TestSuite" time="0.752" tests="1" errors="0" skipped="0" failures="1">
  <properties>
[...]
</properties>
  <testcase name="setUpClass" classname="cucumberOptions.testRunnerClass" time="0.607">
    <failure message="io/cucumber/core/eventbus/EventBus" type="java.lang.NoClassDefFoundError"><![CDATA[java.lang.NoClassDefFoundError: io/cucumber/core/eventbus/EventBus
Caused by: java.lang.ClassNotFoundException: io.cucumber.core.eventbus.EventBus
]]></failure>
  </testcase>
</testsuite>